<?xml version="1.0" encoding="UTF-8"?>
<!-- Generated by org.testng.reporters.JUnitReportReporter -->
<testsuite hostname="DESKTOP-2QUGJMC" name="com.TestNGScripts.WikiTestCase" tests="2" failures="0" timestamp="25 Aug 2020 01:11:10 GMT" time="5.407" errors="0">
  <testcase name="createAccount" time="3.995" classname="com.TestNGScripts.WikiTestCase"/>
  <testcase name="MainPage" time="1.412" classname="com.TestNGScripts.WikiTestCase"/>
</testsuite> <!-- com.TestNGScripts.WikiTestCase -->
