<?xml version="1.0" encoding="UTF-8"?>
<!-- Generated by org.testng.reporters.JUnitReportReporter -->
<testsuite hostname="DESKTOP-2QUGJMC" name="com.TestNGScripts.AnnotationsTestNG" tests="3" failures="0" timestamp="22 Aug 2020 19:33:12 GMT" time="0.008" errors="0">
  <testcase name="createCust" time="0.005" classname="com.TestNGScripts.AnnotationsTestNG"/>
  <testcase name="deleteCust" time="0.002" classname="com.TestNGScripts.AnnotationsTestNG"/>
  <testcase name="searchCust" time="0.001" classname="com.TestNGScripts.AnnotationsTestNG"/>
</testsuite> <!-- com.TestNGScripts.AnnotationsTestNG -->
