<?xml version="1.0" encoding="UTF-8"?>
<!-- Generated by org.testng.reporters.JUnitReportReporter -->
<testsuite hostname="DESKTOP-2QUGJMC" name="com.TestNGScripts.ParameterizationwithPOI_instructor" tests="3" failures="0" timestamp="28 Aug 2020 00:09:27 GMT" time="20.574" errors="0">
  <testcase name="wikipagedata" time="6.772" classname="com.TestNGScripts.ParameterizationwithPOI_instructor"/>
  <testcase name="wikipagedata" time="6.823" classname="com.TestNGScripts.ParameterizationwithPOI_instructor"/>
  <testcase name="wikipagedata" time="6.979" classname="com.TestNGScripts.ParameterizationwithPOI_instructor"/>
</testsuite> <!-- com.TestNGScripts.ParameterizationwithPOI_instructor -->
