<?xml version="1.0" encoding="UTF-8"?>
<!-- Generated by org.testng.reporters.JUnitReportReporter -->
<testsuite skipped="0" hostname="DESKTOP-2QUGJMC" name="com.TestNGScripts.ParameterizationwithPOI_instructor" tests="3" failures="0" timestamp="03 Sep 2020 01:20:39 GMT" time="20.693" errors="0">
  <testcase name="wikipagedata" time="6.894" classname="com.TestNGScripts.ParameterizationwithPOI_instructor"/>
  <testcase name="wikipagedata" time="6.853" classname="com.TestNGScripts.ParameterizationwithPOI_instructor"/>
  <testcase name="wikipagedata" time="6.946" classname="com.TestNGScripts.ParameterizationwithPOI_instructor"/>
</testsuite> <!-- com.TestNGScripts.ParameterizationwithPOI_instructor -->
